<?xml version="1.0" encoding="UTF-8"?>
<testng-results skipped="0" failed="0" ignored="0" total="2" passed="2">
  <reporter-output>
  </reporter-output>
  <suite name="Suite" duration-ms="72104" started-at="2017-11-28T03:39:38Z" finished-at="2017-11-28T03:40:50Z">
    <groups>
    </groups>
    <test name="Test 1" duration-ms="34784" started-at="2017-11-28T03:39:38Z" finished-at="2017-11-28T03:40:13Z">
      <class name="poject1.Demo1.TrackoMain">
        <test-method status="PASS" signature="setup(java.lang.String)[pri:0, instance:poject1.Demo1.TrackoMain@15975490]" name="setup" is-config="true" duration-ms="29389" started-at="2017-11-28T09:09:38Z" finished-at="2017-11-28T09:10:08Z">
          <params>
            <param index="0">
              <value>
                <![CDATA[chrome]]>
              </value>
            </param>
          </params>
          <reporter-output>
          </reporter-output>
        </test-method> <!-- setup -->
        <test-method status="PASS" signature="login()[pri:0, instance:poject1.Demo1.TrackoMain@15975490]" name="login" duration-ms="4508" started-at="2017-11-28T09:10:08Z" finished-at="2017-11-28T09:10:12Z">
          <reporter-output>
          </reporter-output>
        </test-method> <!-- login -->
        <test-method status="PASS" signature="tesrdown()[pri:0, instance:poject1.Demo1.TrackoMain@15975490]" name="tesrdown" is-config="true" duration-ms="747" started-at="2017-11-28T09:10:12Z" finished-at="2017-11-28T09:10:13Z">
          <reporter-output>
          </reporter-output>
        </test-method> <!-- tesrdown -->
      </class> <!-- poject1.Demo1.TrackoMain -->
    </test> <!-- Test 1 -->
    <test name="Test 2" duration-ms="72104" started-at="2017-11-28T03:39:38Z" finished-at="2017-11-28T03:40:50Z">
      <class name="poject1.Demo1.TrackoMain">
        <test-method status="PASS" signature="setup(java.lang.String)[pri:0, instance:poject1.Demo1.TrackoMain@3dd3bcd]" name="setup" is-config="true" duration-ms="66924" started-at="2017-11-28T09:09:38Z" finished-at="2017-11-28T09:10:45Z">
          <params>
            <param index="0">
              <value>
                <![CDATA[firefox]]>
              </value>
            </param>
          </params>
          <reporter-output>
          </reporter-output>
        </test-method> <!-- setup -->
        <test-method status="PASS" signature="login()[pri:0, instance:poject1.Demo1.TrackoMain@3dd3bcd]" name="login" duration-ms="3478" started-at="2017-11-28T09:10:45Z" finished-at="2017-11-28T09:10:49Z">
          <reporter-output>
          </reporter-output>
        </test-method> <!-- login -->
        <test-method status="PASS" signature="tesrdown()[pri:0, instance:poject1.Demo1.TrackoMain@3dd3bcd]" name="tesrdown" is-config="true" duration-ms="1689" started-at="2017-11-28T09:10:49Z" finished-at="2017-11-28T09:10:50Z">
          <reporter-output>
          </reporter-output>
        </test-method> <!-- tesrdown -->
      </class> <!-- poject1.Demo1.TrackoMain -->
    </test> <!-- Test 2 -->
  </suite> <!-- Suite -->
</testng-results>
