<?xml version="1.0" encoding="UTF-8"?>
<testng-results skipped="0" failed="0" ignored="0" total="2" passed="2">
  <reporter-output>
  </reporter-output>
  <suite name="Suite" duration-ms="67817" started-at="2017-11-27T04:09:07Z" finished-at="2017-11-27T04:10:15Z">
    <groups>
    </groups>
    <test name="Test 1" duration-ms="45245" started-at="2017-11-27T04:09:07Z" finished-at="2017-11-27T04:09:52Z">
      <class name="poject1.Demo1.TrackoMain">
        <test-method status="PASS" signature="setup(java.lang.String)[pri:0, instance:poject1.Demo1.TrackoMain@15975490]" name="setup" is-config="true" duration-ms="20154" started-at="2017-11-27T09:39:07Z" finished-at="2017-11-27T09:39:27Z">
          <params>
            <param index="0">
              <value>
                <![CDATA[chrome]]>
              </value>
            </param>
          </params>
          <reporter-output>
          </reporter-output>
        </test-method> <!-- setup -->
        <test-method status="PASS" signature="login()[pri:0, instance:poject1.Demo1.TrackoMain@15975490]" name="login" duration-ms="23091" started-at="2017-11-27T09:39:28Z" finished-at="2017-11-27T09:39:51Z">
          <reporter-output>
          </reporter-output>
        </test-method> <!-- login -->
        <test-method status="PASS" signature="tesrdown()[pri:0, instance:poject1.Demo1.TrackoMain@15975490]" name="tesrdown" is-config="true" duration-ms="1397" started-at="2017-11-27T09:39:51Z" finished-at="2017-11-27T09:39:52Z">
          <reporter-output>
          </reporter-output>
        </test-method> <!-- tesrdown -->
      </class> <!-- poject1.Demo1.TrackoMain -->
    </test> <!-- Test 1 -->
    <test name="Test 2" duration-ms="67816" started-at="2017-11-27T04:09:07Z" finished-at="2017-11-27T04:10:15Z">
      <class name="poject1.Demo1.TrackoMain">
        <test-method status="PASS" signature="setup(java.lang.String)[pri:0, instance:poject1.Demo1.TrackoMain@3dd3bcd]" name="setup" is-config="true" duration-ms="61004" started-at="2017-11-27T09:39:07Z" finished-at="2017-11-27T09:40:08Z">
          <params>
            <param index="0">
              <value>
                <![CDATA[firefox]]>
              </value>
            </param>
          </params>
          <reporter-output>
          </reporter-output>
        </test-method> <!-- setup -->
        <test-method status="PASS" signature="login()[pri:0, instance:poject1.Demo1.TrackoMain@3dd3bcd]" name="login" duration-ms="4508" started-at="2017-11-27T09:40:08Z" finished-at="2017-11-27T09:40:12Z">
          <reporter-output>
          </reporter-output>
        </test-method> <!-- login -->
        <test-method status="PASS" signature="tesrdown()[pri:0, instance:poject1.Demo1.TrackoMain@3dd3bcd]" name="tesrdown" is-config="true" duration-ms="2298" started-at="2017-11-27T09:40:12Z" finished-at="2017-11-27T09:40:15Z">
          <reporter-output>
          </reporter-output>
        </test-method> <!-- tesrdown -->
      </class> <!-- poject1.Demo1.TrackoMain -->
    </test> <!-- Test 2 -->
  </suite> <!-- Suite -->
</testng-results>
