<?xml version="1.0" encoding="UTF-8"?>
<testng-results skipped="0" failed="0" ignored="0" total="2" passed="2">
  <reporter-output>
  </reporter-output>
  <suite name="Suite" duration-ms="77580" started-at="2017-11-27T04:03:51Z" finished-at="2017-11-27T04:05:09Z">
    <groups>
    </groups>
    <test name="Test 1" duration-ms="33867" started-at="2017-11-27T04:03:51Z" finished-at="2017-11-27T04:04:25Z">
      <class name="poject1.Demo1.TrackoMain">
        <test-method status="PASS" signature="setup(java.lang.String)[pri:0, instance:poject1.Demo1.TrackoMain@3abbfa04]" name="setup" is-config="true" duration-ms="26599" started-at="2017-11-27T09:33:51Z" finished-at="2017-11-27T09:34:18Z">
          <params>
            <param index="0">
              <value>
                <![CDATA[chrome]]>
              </value>
            </param>
          </params>
          <reporter-output>
          </reporter-output>
        </test-method> <!-- setup -->
        <test-method status="PASS" signature="login()[pri:0, instance:poject1.Demo1.TrackoMain@3abbfa04]" name="login" duration-ms="6440" started-at="2017-11-27T09:34:18Z" finished-at="2017-11-27T09:34:24Z">
          <reporter-output>
          </reporter-output>
        </test-method> <!-- login -->
        <test-method status="PASS" signature="tesrdown()[pri:0, instance:poject1.Demo1.TrackoMain@3abbfa04]" name="tesrdown" is-config="true" duration-ms="783" started-at="2017-11-27T09:34:24Z" finished-at="2017-11-27T09:34:25Z">
          <reporter-output>
          </reporter-output>
        </test-method> <!-- tesrdown -->
      </class> <!-- poject1.Demo1.TrackoMain -->
    </test> <!-- Test 1 -->
    <test name="Test 2" duration-ms="77580" started-at="2017-11-27T04:03:51Z" finished-at="2017-11-27T04:05:09Z">
      <class name="poject1.Demo1.TrackoMain">
        <test-method status="PASS" signature="setup(java.lang.String)[pri:0, instance:poject1.Demo1.TrackoMain@13805618]" name="setup" is-config="true" duration-ms="70002" started-at="2017-11-27T09:33:51Z" finished-at="2017-11-27T09:35:01Z">
          <params>
            <param index="0">
              <value>
                <![CDATA[firefox]]>
              </value>
            </param>
          </params>
          <reporter-output>
          </reporter-output>
        </test-method> <!-- setup -->
        <test-method status="PASS" signature="login()[pri:0, instance:poject1.Demo1.TrackoMain@13805618]" name="login" duration-ms="5052" started-at="2017-11-27T09:35:01Z" finished-at="2017-11-27T09:35:06Z">
          <reporter-output>
          </reporter-output>
        </test-method> <!-- login -->
        <test-method status="PASS" signature="tesrdown()[pri:0, instance:poject1.Demo1.TrackoMain@13805618]" name="tesrdown" is-config="true" duration-ms="2506" started-at="2017-11-27T09:35:06Z" finished-at="2017-11-27T09:35:09Z">
          <reporter-output>
          </reporter-output>
        </test-method> <!-- tesrdown -->
      </class> <!-- poject1.Demo1.TrackoMain -->
    </test> <!-- Test 2 -->
  </suite> <!-- Suite -->
</testng-results>
